::1 - - [22/Mar/2026:11:08:41 +0530] "GET / HTTP/1.1" 200 10926 "-" "curl/8.5.0"
::1 - - [22/Mar/2026:11:09:48 +0530] "GET / HTTP/1.1" 200 10926 "-" "curl/8.5.0"
::1 - - [22/Mar/2026:11:14:30 +0530] "GET / HTTP/1.1" 200 10926 "-" "curl/8.5.0"
::1 - - [22/Mar/2026:11:15:10 +0530] "GET / HTTP/1.1" 200 10926 "-" "curl/8.5.0"
::1 - - [22/Mar/2026:11:37:12 +0530] "GET /login HTTP/1.1" 404 432 "-" "curl/8.5.0"
::1 - - [22/Mar/2026:11:37:12 +0530] "GET /admin HTTP/1.1" 404 432 "-" "curl/8.5.0"
::1 - - [22/Mar/2026:11:37:12 +0530] "GET /test HTTP/1.1" 404 432 "-" "curl/8.5.0"
::1 - - [22/Mar/2026:11:38:09 +0530] "GET /login HTTP/1.1" 404 432 "-" "curl/8.5.0"
::1 - - [22/Mar/2026:11:38:09 +0530] "GET /admin HTTP/1.1" 404 432 "-" "curl/8.5.0"
::1 - - [22/Mar/2026:11:38:09 +0530] "GET /test HTTP/1.1" 404 432 "-" "curl/8.5.0"
::1 - - [22/Mar/2026:11:38:12 +0530] "GET /login HTTP/1.1" 404 432 "-" "curl/8.5.0"
::1 - - [22/Mar/2026:11:38:12 +0530] "GET /admin HTTP/1.1" 404 432 "-" "curl/8.5.0"
::1 - - [22/Mar/2026:11:38:12 +0530] "GET /test HTTP/1.1" 404 432 "-" "curl/8.5.0"
::1 - - [22/Mar/2026:11:38:15 +0530] "GET /login HTTP/1.1" 404 432 "-" "curl/8.5.0"
::1 - - [22/Mar/2026:11:38:15 +0530] "GET /admin HTTP/1.1" 404 432 "-" "curl/8.5.0"
::1 - - [22/Mar/2026:11:38:15 +0530] "GET /test HTTP/1.1" 404 432 "-" "curl/8.5.0"
::1 - - [22/Mar/2026:11:38:19 +0530] "GET /login HTTP/1.1" 404 432 "-" "curl/8.5.0"
::1 - - [22/Mar/2026:11:38:19 +0530] "GET /admin HTTP/1.1" 404 432 "-" "curl/8.5.0"
::1 - - [22/Mar/2026:11:38:19 +0530] "GET /test HTTP/1.1" 404 432 "-" "curl/8.5.0"
::1 - - [22/Mar/2026:11:38:23 +0530] "GET /login HTTP/1.1" 404 432 "-" "curl/8.5.0"
::1 - - [22/Mar/2026:11:38:23 +0530] "GET /admin HTTP/1.1" 404 432 "-" "curl/8.5.0"
::1 - - [22/Mar/2026:11:38:23 +0530] "GET /test HTTP/1.1" 404 432 "-" "curl/8.5.0"
::1 - - [22/Mar/2026:11:38:27 +0530] "GET /login HTTP/1.1" 404 432 "-" "curl/8.5.0"
::1 - - [22/Mar/2026:11:38:27 +0530] "GET /admin HTTP/1.1" 404 432 "-" "curl/8.5.0"
::1 - - [22/Mar/2026:11:38:27 +0530] "GET /test HTTP/1.1" 404 432 "-" "curl/8.5.0"
::1 - - [22/Mar/2026:11:38:30 +0530] "GET /login HTTP/1.1" 404 432 "-" "curl/8.5.0"
::1 - - [22/Mar/2026:11:38:30 +0530] "GET /admin HTTP/1.1" 404 432 "-" "curl/8.5.0"
::1 - - [22/Mar/2026:11:38:30 +0530] "GET /test HTTP/1.1" 404 432 "-" "curl/8.5.0"
::1 - - [22/Mar/2026:11:38:33 +0530] "GET /login HTTP/1.1" 404 432 "-" "curl/8.5.0"
::1 - - [22/Mar/2026:11:38:33 +0530] "GET /admin HTTP/1.1" 404 432 "-" "curl/8.5.0"
::1 - - [22/Mar/2026:11:38:33 +0530] "GET /test HTTP/1.1" 404 432 "-" "curl/8.5.0"
::1 - - [22/Mar/2026:11:38:36 +0530] "GET /login HTTP/1.1" 404 432 "-" "curl/8.5.0"
::1 - - [22/Mar/2026:11:38:36 +0530] "GET /admin HTTP/1.1" 404 432 "-" "curl/8.5.0"
::1 - - [22/Mar/2026:11:38:36 +0530] "GET /test HTTP/1.1" 404 432 "-" "curl/8.5.0"
::1 - - [22/Mar/2026:11:38:39 +0530] "GET /login HTTP/1.1" 404 432 "-" "curl/8.5.0"
::1 - - [22/Mar/2026:11:38:39 +0530] "GET /admin HTTP/1.1" 404 432 "-" "curl/8.5.0"
::1 - - [22/Mar/2026:11:38:39 +0530] "GET /test HTTP/1.1" 404 432 "-" "curl/8.5.0"
::1 - - [22/Mar/2026:11:38:42 +0530] "GET /login HTTP/1.1" 404 432 "-" "curl/8.5.0"
::1 - - [22/Mar/2026:11:38:42 +0530] "GET /admin HTTP/1.1" 404 432 "-" "curl/8.5.0"
::1 - - [22/Mar/2026:11:38:42 +0530] "GET /test HTTP/1.1" 404 432 "-" "curl/8.5.0"
::1 - - [22/Mar/2026:11:38:45 +0530] "GET /login HTTP/1.1" 404 432 "-" "curl/8.5.0"
::1 - - [22/Mar/2026:11:38:45 +0530] "GET /admin HTTP/1.1" 404 432 "-" "curl/8.5.0"
::1 - - [22/Mar/2026:11:38:45 +0530] "GET /test HTTP/1.1" 404 432 "-" "curl/8.5.0"
::1 - - [22/Mar/2026:11:38:48 +0530] "GET /login HTTP/1.1" 404 432 "-" "curl/8.5.0"
::1 - - [22/Mar/2026:11:38:48 +0530] "GET /admin HTTP/1.1" 404 432 "-" "curl/8.5.0"
::1 - - [22/Mar/2026:11:38:48 +0530] "GET /test HTTP/1.1" 404 432 "-" "curl/8.5.0"
::1 - - [22/Mar/2026:11:38:51 +0530] "GET /login HTTP/1.1" 404 432 "-" "curl/8.5.0"
::1 - - [22/Mar/2026:11:38:51 +0530] "GET /admin HTTP/1.1" 404 432 "-" "curl/8.5.0"
::1 - - [22/Mar/2026:11:38:51 +0530] "GET /test HTTP/1.1" 404 432 "-" "curl/8.5.0"
::1 - - [22/Mar/2026:11:38:54 +0530] "GET /login HTTP/1.1" 404 432 "-" "curl/8.5.0"
::1 - - [22/Mar/2026:11:38:54 +0530] "GET /admin HTTP/1.1" 404 432 "-" "curl/8.5.0"
::1 - - [22/Mar/2026:11:38:54 +0530] "GET /test HTTP/1.1" 404 432 "-" "curl/8.5.0"
::1 - - [22/Mar/2026:11:38:57 +0530] "GET /login HTTP/1.1" 404 432 "-" "curl/8.5.0"
::1 - - [22/Mar/2026:11:38:57 +0530] "GET /admin HTTP/1.1" 404 432 "-" "curl/8.5.0"
::1 - - [22/Mar/2026:11:38:57 +0530] "GET /test HTTP/1.1" 404 432 "-" "curl/8.5.0"
::1 - - [22/Mar/2026:11:39:33 +0530] "GET /admin HTTP/1.1" 404 432 "-" "curl/8.5.0"
::1 - - [22/Mar/2026:11:39:37 +0530] "GET /admin HTTP/1.1" 404 432 "-" "curl/8.5.0"
::1 - - [22/Mar/2026:11:39:40 +0530] "GET /admin HTTP/1.1" 404 432 "-" "curl/8.5.0"
::1 - - [22/Mar/2026:11:39:42 +0530] "GET /admin HTTP/1.1" 404 432 "-" "curl/8.5.0"
::1 - - [22/Mar/2026:11:39:46 +0530] "GET /admin HTTP/1.1" 404 432 "-" "curl/8.5.0"
::1 - - [22/Mar/2026:11:39:49 +0530] "GET /admin HTTP/1.1" 404 432 "-" "curl/8.5.0"
::1 - - [22/Mar/2026:11:40:10 +0530] "GET /admin HTTP/1.1" 404 432 "-" "curl/8.5.0"
::1 - - [22/Mar/2026:11:40:16 +0530] "GET /admin HTTP/1.1" 404 432 "-" "curl/8.5.0"
::1 - - [22/Mar/2026:11:40:25 +0530] "GET /login HTTP/1.1" 404 432 "-" "curl/8.5.0"
::1 - - [22/Mar/2026:11:40:33 +0530] "GET /test HTTP/1.1" 404 432 "-" "curl/8.5.0"
::1 - - [22/Mar/2026:11:40:37 +0530] "GET /test HTTP/1.1" 404 432 "-" "curl/8.5.0"
::1 - - [22/Mar/2026:11:40:41 +0530] "GET /test HTTP/1.1" 404 432 "-" "curl/8.5.0"
::1 - - [22/Mar/2026:11:53:05 +0530] "GET /admin HTTP/1.1" 404 432 "-" "curl/8.5.0"
::1 - - [22/Mar/2026:11:53:05 +0530] "GET /secret HTTP/1.1" 404 432 "-" "curl/8.5.0"
::1 - - [22/Mar/2026:11:53:05 +0530] "GET /private HTTP/1.1" 404 432 "-" "curl/8.5.0"
::1 - - [22/Mar/2026:11:53:05 +0530] "GET /etc/passwd HTTP/1.1" 404 432 "-" "curl/8.5.0"
::1 - - [22/Mar/2026:11:53:09 +0530] "GET /admin HTTP/1.1" 404 432 "-" "curl/8.5.0"
::1 - - [22/Mar/2026:11:53:09 +0530] "GET /secret HTTP/1.1" 404 432 "-" "curl/8.5.0"
::1 - - [22/Mar/2026:11:53:09 +0530] "GET /private HTTP/1.1" 404 432 "-" "curl/8.5.0"
::1 - - [22/Mar/2026:11:53:09 +0530] "GET /etc/passwd HTTP/1.1" 404 432 "-" "curl/8.5.0"
::1 - - [22/Mar/2026:11:53:13 +0530] "GET /admin HTTP/1.1" 404 432 "-" "curl/8.5.0"
::1 - - [22/Mar/2026:11:53:13 +0530] "GET /secret HTTP/1.1" 404 432 "-" "curl/8.5.0"
::1 - - [22/Mar/2026:11:53:13 +0530] "GET /private HTTP/1.1" 404 432 "-" "curl/8.5.0"
::1 - - [22/Mar/2026:11:53:13 +0530] "GET /etc/passwd HTTP/1.1" 404 432 "-" "curl/8.5.0"
::1 - - [22/Mar/2026:11:53:16 +0530] "GET /admin HTTP/1.1" 404 432 "-" "curl/8.5.0"
::1 - - [22/Mar/2026:11:53:16 +0530] "GET /secret HTTP/1.1" 404 432 "-" "curl/8.5.0"
::1 - - [22/Mar/2026:11:53:16 +0530] "GET /private HTTP/1.1" 404 432 "-" "curl/8.5.0"
::1 - - [22/Mar/2026:11:53:16 +0530] "GET /etc/passwd HTTP/1.1" 404 432 "-" "curl/8.5.0"
::1 - - [22/Mar/2026:11:53:19 +0530] "GET /admin HTTP/1.1" 404 432 "-" "curl/8.5.0"
::1 - - [22/Mar/2026:11:53:19 +0530] "GET /secret HTTP/1.1" 404 432 "-" "curl/8.5.0"
::1 - - [22/Mar/2026:11:53:19 +0530] "GET /private HTTP/1.1" 404 432 "-" "curl/8.5.0"
::1 - - [22/Mar/2026:11:53:19 +0530] "GET /etc/passwd HTTP/1.1" 404 432 "-" "curl/8.5.0"
::1 - - [22/Mar/2026:11:53:22 +0530] "GET /admin HTTP/1.1" 404 432 "-" "curl/8.5.0"
::1 - - [22/Mar/2026:11:53:22 +0530] "GET /secret HTTP/1.1" 404 432 "-" "curl/8.5.0"
::1 - - [22/Mar/2026:11:53:22 +0530] "GET /private HTTP/1.1" 404 432 "-" "curl/8.5.0"
::1 - - [22/Mar/2026:11:53:22 +0530] "GET /etc/passwd HTTP/1.1" 404 432 "-" "curl/8.5.0"
::1 - - [22/Mar/2026:11:53:25 +0530] "GET /admin HTTP/1.1" 404 432 "-" "curl/8.5.0"
::1 - - [22/Mar/2026:11:53:25 +0530] "GET /secret HTTP/1.1" 404 432 "-" "curl/8.5.0"
::1 - - [22/Mar/2026:11:53:25 +0530] "GET /private HTTP/1.1" 404 432 "-" "curl/8.5.0"
::1 - - [22/Mar/2026:11:53:25 +0530] "GET /etc/passwd HTTP/1.1" 404 432 "-" "curl/8.5.0"
::1 - - [22/Mar/2026:11:53:28 +0530] "GET /admin HTTP/1.1" 404 432 "-" "curl/8.5.0"
::1 - - [22/Mar/2026:11:53:28 +0530] "GET /secret HTTP/1.1" 404 432 "-" "curl/8.5.0"
::1 - - [22/Mar/2026:11:53:28 +0530] "GET /private HTTP/1.1" 404 432 "-" "curl/8.5.0"
::1 - - [22/Mar/2026:11:53:28 +0530] "GET /etc/passwd HTTP/1.1" 404 432 "-" "curl/8.5.0"
::1 - - [22/Mar/2026:11:53:31 +0530] "GET /admin HTTP/1.1" 404 432 "-" "curl/8.5.0"
::1 - - [22/Mar/2026:11:53:31 +0530] "GET /secret HTTP/1.1" 404 432 "-" "curl/8.5.0"
::1 - - [22/Mar/2026:11:53:31 +0530] "GET /private HTTP/1.1" 404 432 "-" "curl/8.5.0"
::1 - - [22/Mar/2026:11:53:31 +0530] "GET /etc/passwd HTTP/1.1" 404 432 "-" "curl/8.5.0"
::1 - - [22/Mar/2026:11:53:35 +0530] "GET /admin HTTP/1.1" 404 432 "-" "curl/8.5.0"
::1 - - [22/Mar/2026:11:53:35 +0530] "GET /secret HTTP/1.1" 404 432 "-" "curl/8.5.0"
::1 - - [22/Mar/2026:11:53:35 +0530] "GET /private HTTP/1.1" 404 432 "-" "curl/8.5.0"
::1 - - [22/Mar/2026:11:53:35 +0530] "GET /etc/passwd HTTP/1.1" 404 432 "-" "curl/8.5.0"
::1 - - [22/Mar/2026:11:53:51 +0530] "GET /admin HTTP/1.1" 404 432 "-" "curl/8.5.0"
::1 - - [22/Mar/2026:11:53:51 +0530] "GET /secret HTTP/1.1" 404 432 "-" "curl/8.5.0"
::1 - - [22/Mar/2026:11:53:51 +0530] "GET /private HTTP/1.1" 404 432 "-" "curl/8.5.0"
::1 - - [22/Mar/2026:11:53:51 +0530] "GET /etc/passwd HTTP/1.1" 404 432 "-" "curl/8.5.0"
::1 - - [22/Mar/2026:11:53:54 +0530] "GET /admin HTTP/1.1" 404 432 "-" "curl/8.5.0"
::1 - - [22/Mar/2026:11:53:54 +0530] "GET /secret HTTP/1.1" 404 432 "-" "curl/8.5.0"
::1 - - [22/Mar/2026:11:53:54 +0530] "GET /private HTTP/1.1" 404 432 "-" "curl/8.5.0"
::1 - - [22/Mar/2026:11:53:54 +0530] "GET /etc/passwd HTTP/1.1" 404 432 "-" "curl/8.5.0"
